#
# There is insufficient memory for the Java Runtime Environment to continue.
# Native memory allocation (malloc) failed to allocate 32744 bytes for Chunk::new
# Possible reasons:
#   The system is out of physical RAM or swap space
#   The process is running with CompressedOops enabled, and the Java Heap may be blocking the growth of the native heap
# Possible solutions:
#   Reduce memory load on the system
#   Increase physical memory or swap space
#   Check if swap backing store is full
#   Decrease Java heap size (-Xmx/-Xms)
#   Decrease number of Java threads
#   Decrease Java thread stack sizes (-Xss)
#   Set larger code cache with -XX:ReservedCodeCacheSize=
#   JVM is running with Zero Based Compressed Oops mode in which the Java heap is
#     placed in the first 32GB address space. The Java Heap base address is the
#     maximum limit for the native heap growth. Please use -XX:HeapBaseMinAddress
#     to set the Java Heap base and to place the Java Heap above 32GB virtual address.
# This output file may be truncated or incomplete.
#
#  Out of Memory Error (arena.cpp:168), pid=23428, tid=20020
#
# JRE version: Java(TM) SE Runtime Environment (21.0.4+8) (build 21.0.4+8-LTS-274)
# Java VM: Java HotSpot(TM) 64-Bit Server VM (21.0.4+8-LTS-274, mixed mode, sharing, tiered, compressed oops, compressed class ptrs, g1 gc, windows-amd64)
# No core dump will be written. Minidumps are not enabled by default on client versions of Windows
#

---------------  S U M M A R Y ------------

Command Line: -Dmaven.multiModuleProjectDirectory=C:\Users\HattrickHL\OneDrive\Desktop\Desafio api de pagamento\pagamento.api -Djansi.passthrough=true -Dmaven.home=C:\Users\HattrickHL\.m2\wrapper\dists\apache-maven-3.9.9-bin\4nf9hui3q3djbarqar9g711ggc\apache-maven-3.9.9 -Dclassworlds.conf=C:\Users\HattrickHL\.m2\wrapper\dists\apache-maven-3.9.9-bin\4nf9hui3q3djbarqar9g711ggc\apache-maven-3.9.9\bin\m2.conf -Dmaven.ext.class.path=C:\Program Files\JetBrains\IntelliJ IDEA 2024.2.1\plugins\maven\lib\maven-event-listener.jar -javaagent:C:\Program Files\JetBrains\IntelliJ IDEA 2024.2.1\lib\idea_rt.jar=56815:C:\Program Files\JetBrains\IntelliJ IDEA 2024.2.1\bin -Dfile.encoding=UTF-8 -Dsun.stdout.encoding=UTF-8 -Dsun.stderr.encoding=UTF-8 org.codehaus.classworlds.Launcher -Didea.version=2024.2.1 install

Host: Intel(R) Core(TM) i5-10300H CPU @ 2.50GHz, 8 cores, 15G,  Windows 11 , 64 bit Build 22621 (10.0.22621.3958)
Time: Thu Sep 12 23:46:08 2024 Hora oficial do Brasil elapsed time: 11.625957 seconds (0d 0h 0m 11s)

---------------  T H R E A D  ---------------

Current thread (0x000001e1284ce110):  JavaThread "C2 CompilerThread2" daemon [_thread_in_native, id=20020, stack(0x0000002c6a700000,0x0000002c6a800000) (1024K)]


Current CompileTask:
C2:  11626 8990       4       org.codehaus.plexus.classworlds.realm.ClassRealm::loadClass (7 bytes)

Stack: [0x0000002c6a700000,0x0000002c6a800000]
Native frames: (J=compiled Java code, j=interpreted, Vv=VM code, C=native code)
V  [jvm.dll+0x6c8e59]
V  [jvm.dll+0x853181]
V  [jvm.dll+0x8556ae]
V  [jvm.dll+0x855d83]
V  [jvm.dll+0x27d526]
V  [jvm.dll+0xc4aad]
V  [jvm.dll+0xc4fe3]
V  [jvm.dll+0x3b963d]
V  [jvm.dll+0x3b8e61]
V  [jvm.dll+0x3b8ea4]
V  [jvm.dll+0x5d4996]
V  [jvm.dll+0x5d50e5]
V  [jvm.dll+0x3809d4]
V  [jvm.dll+0x37fe1a]
V  [jvm.dll+0x246280]
V  [jvm.dll+0x24585f]
V  [jvm.dll+0x1c69de]
V  [jvm.dll+0x254d49]
V  [jvm.dll+0x2532da]
V  [jvm.dll+0x3ed426]
V  [jvm.dll+0x7fd65b]
V  [jvm.dll+0x6c753d]
C  [ucrtbase.dll+0x29333]
C  [KERNEL32.DLL+0x1257d]
C  [ntdll.dll+0x5af28]


---------------  P R O C E S S  ---------------

Threads class SMR info:
_java_thread_list=0x000001e126cfb140, length=21, elements={
0x000001e0c1138a20, 0x000001e0e02816f0, 0x000001e0e0286520, 0x000001e0e028d050,
0x000001e0e028dab0, 0x000001e0e0292cc0, 0x000001e0e0293720, 0x000001e0e02954c0,
0x000001e0e0296700, 0x000001e0e04a9420, 0x000001e0e058aeb0, 0x000001e0e06a90f0,
0x000001e126c0c5a0, 0x000001e12970e100, 0x000001e12970da70, 0x000001e1284cc5d0,
0x000001e1284ce110, 0x000001e12970c6c0, 0x000001e12970e790, 0x000001e12970d3e0,
0x000001e12954ad70
}

Java Threads: ( => current thread )
  0x000001e0c1138a20 JavaThread "main"                              [_thread_in_native, id=24368, stack(0x0000002c68700000,0x0000002c68800000) (1024K)]
  0x000001e0e02816f0 JavaThread "Reference Handler"          daemon [_thread_blocked, id=18836, stack(0x0000002c68f00000,0x0000002c69000000) (1024K)]
  0x000001e0e0286520 JavaThread "Finalizer"                  daemon [_thread_blocked, id=1628, stack(0x0000002c69000000,0x0000002c69100000) (1024K)]
  0x000001e0e028d050 JavaThread "Signal Dispatcher"          daemon [_thread_blocked, id=21008, stack(0x0000002c69100000,0x0000002c69200000) (1024K)]
  0x000001e0e028dab0 JavaThread "Attach Listener"            daemon [_thread_blocked, id=18704, stack(0x0000002c69200000,0x0000002c69300000) (1024K)]
  0x000001e0e0292cc0 JavaThread "Service Thread"             daemon [_thread_blocked, id=18976, stack(0x0000002c69300000,0x0000002c69400000) (1024K)]
  0x000001e0e0293720 JavaThread "Monitor Deflation Thread"   daemon [_thread_blocked, id=11676, stack(0x0000002c69400000,0x0000002c69500000) (1024K)]
  0x000001e0e02954c0 JavaThread "C2 CompilerThread0"         daemon [_thread_in_native, id=13304, stack(0x0000002c69500000,0x0000002c69600000) (1024K)]
  0x000001e0e0296700 JavaThread "C1 CompilerThread0"         daemon [_thread_blocked, id=21164, stack(0x0000002c69600000,0x0000002c69700000) (1024K)]
  0x000001e0e04a9420 JavaThread "Common-Cleaner"             daemon [_thread_blocked, id=1456, stack(0x0000002c69700000,0x0000002c69800000) (1024K)]
  0x000001e0e058aeb0 JavaThread "Monitor Ctrl-Break"         daemon [_thread_in_native, id=6960, stack(0x0000002c69800000,0x0000002c69900000) (1024K)]
  0x000001e0e06a90f0 JavaThread "Notification Thread"        daemon [_thread_blocked, id=16260, stack(0x0000002c69900000,0x0000002c69a00000) (1024K)]
  0x000001e126c0c5a0 JavaThread "Thread-1"                   daemon [_thread_blocked, id=25040, stack(0x0000002c6a300000,0x0000002c6a400000) (1024K)]
  0x000001e12970e100 JavaThread "timeout-check-timer"        daemon [_thread_blocked, id=24540, stack(0x0000002c69a00000,0x0000002c69b00000) (1024K)]
  0x000001e12970da70 JavaThread "ping-timer-10s"             daemon [_thread_blocked, id=19440, stack(0x0000002c6a500000,0x0000002c6a600000) (1024K)]
  0x000001e1284cc5d0 JavaThread "C2 CompilerThread1"         daemon [_thread_blocked, id=17008, stack(0x0000002c6a600000,0x0000002c6a700000) (1024K)]
=>0x000001e1284ce110 JavaThread "C2 CompilerThread2"         daemon [_thread_in_native, id=20020, stack(0x0000002c6a700000,0x0000002c6a800000) (1024K)]
  0x000001e12970c6c0 JavaThread "ThreadedStreamConsumer"     daemon [_thread_blocked, id=22912, stack(0x0000002c6a800000,0x0000002c6a900000) (1024K)]
  0x000001e12970e790 JavaThread "fork-1-err-thread"          daemon [_thread_in_native, id=10488, stack(0x0000002c6a900000,0x0000002c6aa00000) (1024K)]
  0x000001e12970d3e0 JavaThread "commands-fork-1"            daemon [_thread_blocked, id=3896, stack(0x0000002c6aa00000,0x0000002c6ab00000) (1024K)]
  0x000001e12954ad70 JavaThread "fork-1-event-thread"        daemon [_thread_in_native, id=9272, stack(0x0000002c6ab00000,0x0000002c6ac00000) (1024K)]
Total: 21

Other Threads:
  0x000001e0e02669b0 VMThread "VM Thread"                           [id=15260, stack(0x0000002c68e00000,0x0000002c68f00000) (1024K)]
  0x000001e0e0250b90 WatcherThread "VM Periodic Task Thread"        [id=25384, stack(0x0000002c68d00000,0x0000002c68e00000) (1024K)]
  0x000001e0c11a27f0 WorkerThread "GC Thread#0"                     [id=1644, stack(0x0000002c68800000,0x0000002c68900000) (1024K)]
  0x000001e1262da830 WorkerThread "GC Thread#1"                     [id=1652, stack(0x0000002c69c00000,0x0000002c69d00000) (1024K)]
  0x000001e1262dabd0 WorkerThread "GC Thread#2"                     [id=15108, stack(0x0000002c69d00000,0x0000002c69e00000) (1024K)]
  0x000001e1262daf70 WorkerThread "GC Thread#3"                     [id=12944, stack(0x0000002c69e00000,0x0000002c69f00000) (1024K)]
  0x000001e1262db310 WorkerThread "GC Thread#4"                     [id=2884, stack(0x0000002c69f00000,0x0000002c6a000000) (1024K)]
  0x000001e1262db6b0 WorkerThread "GC Thread#5"                     [id=24792, stack(0x0000002c6a000000,0x0000002c6a100000) (1024K)]
  0x000001e1264bd6a0 WorkerThread "GC Thread#6"                     [id=16520, stack(0x0000002c6a100000,0x0000002c6a200000) (1024K)]
  0x000001e12638d260 WorkerThread "GC Thread#7"                     [id=11808, stack(0x0000002c6a200000,0x0000002c6a300000) (1024K)]
  0x000001e0c11b3780 ConcurrentGCThread "G1 Main Marker"            [id=20436, stack(0x0000002c68900000,0x0000002c68a00000) (1024K)]
  0x000001e0c11b4a20 WorkerThread "G1 Conc#0"                       [id=24420, stack(0x0000002c68a00000,0x0000002c68b00000) (1024K)]
  0x000001e126c01230 WorkerThread "G1 Conc#1"                       [id=12628, stack(0x0000002c6a400000,0x0000002c6a500000) (1024K)]
  0x000001e0e0120970 ConcurrentGCThread "G1 Refine#0"               [id=11580, stack(0x0000002c68b00000,0x0000002c68c00000) (1024K)]
  0x000001e0e01213f0 ConcurrentGCThread "G1 Service"                [id=20972, stack(0x0000002c68c00000,0x0000002c68d00000) (1024K)]
Total: 15

Threads with active compile tasks:
C2 CompilerThread0    11652 8985   !   4       java.lang.ClassLoader::loadClass (121 bytes)
C2 CompilerThread2    11652 8990       4       org.codehaus.plexus.classworlds.realm.ClassRealm::loadClass (7 bytes)
Total: 2

VM state: not at safepoint (normal execution)

VM Mutex/Monitor currently owned by a thread: None

Heap address: 0x0000000702000000, size: 4064 MB, Compressed Oops mode: Zero based, Oop shift amount: 3

CDS archive(s) mapped at: [0x000001e0e1000000-0x000001e0e1c90000-0x000001e0e1c90000), size 13172736, SharedBaseAddress: 0x000001e0e1000000, ArchiveRelocationMode: 1.
Compressed class space mapped at: 0x000001e0e2000000-0x000001e122000000, reserved size: 1073741824
Narrow klass base: 0x000001e0e1000000, Narrow klass shift: 0, Narrow klass range: 0x100000000

GC Precious Log:
 CardTable entry size: 512
 Card Set container configuration: InlinePtr #cards 4 size 8 Array Of Cards #cards 16 size 48 Howl #buckets 8 coarsen threshold 3686 Howl Bitmap #cards 512 size 80 coarsen threshold 460 Card regions per heap region 1 cards per card region 4096
 CPUs: 8 total, 8 available
 Memory: 16251M
 Large Page Support: Disabled
 NUMA Support: Disabled
 Compressed Oops: Enabled (Zero based)
 Heap Region Size: 2M
 Heap Min Capacity: 8M
 Heap Initial Capacity: 254M
 Heap Max Capacity: 4064M
 Pre-touch: Disabled
 Parallel Workers: 8
 Concurrent Workers: 2
 Concurrent Refinement Workers: 8
 Periodic GC: Disabled

Heap:
 garbage-first heap   total 163840K, used 96261K [0x0000000702000000, 0x0000000800000000)
  region size 2048K, 20 young (40960K), 2 survivors (4096K)
 Metaspace       used 42201K, committed 42752K, reserved 1114112K
  class space    used 4764K, committed 4992K, reserved 1048576K

Heap Regions: E=young(eden), S=young(survivor), O=old, HS=humongous(starts), HC=humongous(continues), CS=collection set, F=free, TAMS=top-at-mark-start, PB=parsable bottom
|   0|0x0000000702000000, 0x0000000702200000, 0x0000000702200000|100%| O|  |TAMS 0x0000000702000000| PB 0x0000000702000000| Untracked 
|   1|0x0000000702200000, 0x0000000702400000, 0x0000000702400000|100%| O|  |TAMS 0x0000000702200000| PB 0x0000000702200000| Untracked 
|   2|0x0000000702400000, 0x0000000702600000, 0x0000000702600000|100%|HS|  |TAMS 0x0000000702400000| PB 0x0000000702400000| Complete 
|   3|0x0000000702600000, 0x0000000702800000, 0x0000000702800000|100%|HC|  |TAMS 0x0000000702600000| PB 0x0000000702600000| Complete 
|   4|0x0000000702800000, 0x0000000702a00000, 0x0000000702a00000|100%|HS|  |TAMS 0x0000000702800000| PB 0x0000000702800000| Complete 
|   5|0x0000000702a00000, 0x0000000702c00000, 0x0000000702c00000|100%|HC|  |TAMS 0x0000000702a00000| PB 0x0000000702a00000| Complete 
|   6|0x0000000702c00000, 0x0000000702e00000, 0x0000000702e00000|100%| O|  |TAMS 0x0000000702c00000| PB 0x0000000702c00000| Untracked 
|   7|0x0000000702e00000, 0x0000000703000000, 0x0000000703000000|100%| O|  |TAMS 0x0000000702e00000| PB 0x0000000702e00000| Untracked 
|   8|0x0000000703000000, 0x0000000703200000, 0x0000000703200000|100%| O|  |TAMS 0x0000000703000000| PB 0x0000000703000000| Untracked 
|   9|0x0000000703200000, 0x0000000703400000, 0x0000000703400000|100%| O|Cm|TAMS 0x0000000703200000| PB 0x0000000703200000| Complete 
|  10|0x0000000703400000, 0x0000000703600000, 0x0000000703600000|100%| O|Cm|TAMS 0x0000000703400000| PB 0x0000000703400000| Complete 
|  11|0x0000000703600000, 0x0000000703800000, 0x0000000703800000|100%| O|Cm|TAMS 0x0000000703600000| PB 0x0000000703600000| Complete 
|  12|0x0000000703800000, 0x0000000703a00000, 0x0000000703a00000|100%| O|Cm|TAMS 0x0000000703800000| PB 0x0000000703800000| Complete 
|  13|0x0000000703a00000, 0x0000000703c00000, 0x0000000703c00000|100%| O|Cm|TAMS 0x0000000703a00000| PB 0x0000000703a00000| Complete 
|  14|0x0000000703c00000, 0x0000000703e00000, 0x0000000703e00000|100%| O|  |TAMS 0x0000000703c00000| PB 0x0000000703c00000| Untracked 
|  15|0x0000000703e00000, 0x0000000704000000, 0x0000000704000000|100%| O|  |TAMS 0x0000000703e00000| PB 0x0000000703e00000| Untracked 
|  16|0x0000000704000000, 0x000000070417a870, 0x0000000704200000| 73%| O|  |TAMS 0x0000000704000000| PB 0x0000000704000000| Untracked 
|  17|0x0000000704200000, 0x0000000704200000, 0x0000000704400000|  0%| F|  |TAMS 0x0000000704200000| PB 0x0000000704200000| Untracked 
|  18|0x0000000704400000, 0x0000000704400000, 0x0000000704600000|  0%| F|  |TAMS 0x0000000704400000| PB 0x0000000704400000| Untracked 
|  19|0x0000000704600000, 0x0000000704800000, 0x0000000704800000|100%| O|Cm|TAMS 0x0000000704600000| PB 0x0000000704600000| Complete 
|  20|0x0000000704800000, 0x0000000704a00000, 0x0000000704a00000|100%| O|Cm|TAMS 0x0000000704800000| PB 0x0000000704800000| Complete 
|  21|0x0000000704a00000, 0x0000000704c00000, 0x0000000704c00000|100%| O|  |TAMS 0x0000000704a00000| PB 0x0000000704a00000| Untracked 
|  22|0x0000000704c00000, 0x0000000704e00000, 0x0000000704e00000|100%| O|Cm|TAMS 0x0000000704c00000| PB 0x0000000704c00000| Complete 
|  23|0x0000000704e00000, 0x0000000704e00000, 0x0000000705000000|  0%| F|  |TAMS 0x0000000704e00000| PB 0x0000000704e00000| Untracked 
|  24|0x0000000705000000, 0x0000000705000000, 0x0000000705200000|  0%| F|  |TAMS 0x0000000705000000| PB 0x0000000705000000| Untracked 
|  25|0x0000000705200000, 0x0000000705200000, 0x0000000705400000|  0%| F|  |TAMS 0x0000000705200000| PB 0x0000000705200000| Untracked 
|  26|0x0000000705400000, 0x0000000705400000, 0x0000000705600000|  0%| F|  |TAMS 0x0000000705400000| PB 0x0000000705400000| Untracked 
|  27|0x0000000705600000, 0x0000000705600000, 0x0000000705800000|  0%| F|  |TAMS 0x0000000705600000| PB 0x0000000705600000| Untracked 
|  28|0x0000000705800000, 0x0000000705800000, 0x0000000705a00000|  0%| F|  |TAMS 0x0000000705800000| PB 0x0000000705800000| Untracked 
|  29|0x0000000705a00000, 0x0000000705a00000, 0x0000000705c00000|  0%| F|  |TAMS 0x0000000705a00000| PB 0x0000000705a00000| Untracked 
|  30|0x0000000705c00000, 0x0000000705c00000, 0x0000000705e00000|  0%| F|  |TAMS 0x0000000705c00000| PB 0x0000000705c00000| Untracked 
|  31|0x0000000705e00000, 0x0000000705e00000, 0x0000000706000000|  0%| F|  |TAMS 0x0000000705e00000| PB 0x0000000705e00000| Untracked 
|  32|0x0000000706000000, 0x0000000706000000, 0x0000000706200000|  0%| F|  |TAMS 0x0000000706000000| PB 0x0000000706000000| Untracked 
|  33|0x0000000706200000, 0x0000000706200000, 0x0000000706400000|  0%| F|  |TAMS 0x0000000706200000| PB 0x0000000706200000| Untracked 
|  34|0x0000000706400000, 0x0000000706400000, 0x0000000706600000|  0%| F|  |TAMS 0x0000000706400000| PB 0x0000000706400000| Untracked 
|  35|0x0000000706600000, 0x0000000706600000, 0x0000000706800000|  0%| F|  |TAMS 0x0000000706600000| PB 0x0000000706600000| Untracked 
|  36|0x0000000706800000, 0x0000000706800000, 0x0000000706a00000|  0%| F|  |TAMS 0x0000000706800000| PB 0x0000000706800000| Untracked 
|  37|0x0000000706a00000, 0x0000000706a00000, 0x0000000706c00000|  0%| F|  |TAMS 0x0000000706a00000| PB 0x0000000706a00000| Untracked 
|  38|0x0000000706c00000, 0x0000000706c00000, 0x0000000706e00000|  0%| F|  |TAMS 0x0000000706c00000| PB 0x0000000706c00000| Untracked 
|  39|0x0000000706e00000, 0x0000000706e00000, 0x0000000707000000|  0%| F|  |TAMS 0x0000000706e00000| PB 0x0000000706e00000| Untracked 
|  40|0x0000000707000000, 0x0000000707000000, 0x0000000707200000|  0%| F|  |TAMS 0x0000000707000000| PB 0x0000000707000000| Untracked 
|  41|0x0000000707200000, 0x0000000707200000, 0x0000000707400000|  0%| F|  |TAMS 0x0000000707200000| PB 0x0000000707200000| Untracked 
|  42|0x0000000707400000, 0x0000000707400000, 0x0000000707600000|  0%| F|  |TAMS 0x0000000707400000| PB 0x0000000707400000| Untracked 
|  43|0x0000000707600000, 0x0000000707600000, 0x0000000707800000|  0%| F|  |TAMS 0x0000000707600000| PB 0x0000000707600000| Untracked 
|  44|0x0000000707800000, 0x0000000707800000, 0x0000000707a00000|  0%| F|  |TAMS 0x0000000707800000| PB 0x0000000707800000| Untracked 
|  45|0x0000000707a00000, 0x0000000707a00000, 0x0000000707c00000|  0%| F|  |TAMS 0x0000000707a00000| PB 0x0000000707a00000| Untracked 
|  46|0x0000000707c00000, 0x0000000707c00000, 0x0000000707e00000|  0%| F|  |TAMS 0x0000000707c00000| PB 0x0000000707c00000| Untracked 
|  47|0x0000000707e00000, 0x0000000707e86d98, 0x0000000708000000| 26%| S|CS|TAMS 0x0000000707e00000| PB 0x0000000707e00000| Complete 
|  48|0x0000000708000000, 0x0000000708200000, 0x0000000708200000|100%| S|CS|TAMS 0x0000000708000000| PB 0x0000000708000000| Complete 
|  49|0x0000000708200000, 0x0000000708200000, 0x0000000708400000|  0%| F|  |TAMS 0x0000000708200000| PB 0x0000000708200000| Untracked 
|  50|0x0000000708400000, 0x0000000708400000, 0x0000000708600000|  0%| F|  |TAMS 0x0000000708400000| PB 0x0000000708400000| Untracked 
|  51|0x0000000708600000, 0x0000000708600000, 0x0000000708800000|  0%| F|  |TAMS 0x0000000708600000| PB 0x0000000708600000| Untracked 
|  52|0x0000000708800000, 0x0000000708800000, 0x0000000708a00000|  0%| F|  |TAMS 0x0000000708800000| PB 0x0000000708800000| Untracked 
|  53|0x0000000708a00000, 0x0000000708a00000, 0x0000000708c00000|  0%| F|  |TAMS 0x0000000708a00000| PB 0x0000000708a00000| Untracked 
|  54|0x0000000708c00000, 0x0000000708cf83e0, 0x0000000708e00000| 48%| E|  |TAMS 0x0000000708c00000| PB 0x0000000708c00000| Complete 
|  55|0x0000000708e00000, 0x0000000709000000, 0x0000000709000000|100%| E|CS|TAMS 0x0000000708e00000| PB 0x0000000708e00000| Complete 
|  56|0x0000000709000000, 0x0000000709200000, 0x0000000709200000|100%| E|CS|TAMS 0x0000000709000000| PB 0x0000000709000000| Complete 
|  57|0x0000000709200000, 0x0000000709400000, 0x0000000709400000|100%| E|CS|TAMS 0x0000000709200000| PB 0x0000000709200000| Complete 
|  58|0x0000000709400000, 0x0000000709600000, 0x0000000709600000|100%| E|CS|TAMS 0x0000000709400000| PB 0x0000000709400000| Complete 
|  59|0x0000000709600000, 0x0000000709800000, 0x0000000709800000|100%| E|CS|TAMS 0x0000000709600000| PB 0x0000000709600000| Complete 
|  60|0x0000000709800000, 0x0000000709a00000, 0x0000000709a00000|100%| E|CS|TAMS 0x0000000709800000| PB 0x0000000709800000| Complete 
|  61|0x0000000709a00000, 0x0000000709c00000, 0x0000000709c00000|100%| E|CS|TAMS 0x0000000709a00000| PB 0x0000000709a00000| Complete 
|  62|0x0000000709c00000, 0x0000000709e00000, 0x0000000709e00000|100%| E|CS|TAMS 0x0000000709c00000| PB 0x0000000709c00000| Complete 
|  63|0x0000000709e00000, 0x000000070a000000, 0x000000070a000000|100%| E|CS|TAMS 0x0000000709e00000| PB 0x0000000709e00000| Complete 
|  64|0x000000070a000000, 0x000000070a200000, 0x000000070a200000|100%| E|CS|TAMS 0x000000070a000000| PB 0x000000070a000000| Complete 
|  65|0x000000070a200000, 0x000000070a400000, 0x000000070a400000|100%| E|CS|TAMS 0x000000070a200000| PB 0x000000070a200000| Complete 
|  66|0x000000070a400000, 0x000000070a600000, 0x000000070a600000|100%| E|CS|TAMS 0x000000070a400000| PB 0x000000070a400000| Complete 
|  67|0x000000070a600000, 0x000000070a800000, 0x000000070a800000|100%| E|CS|TAMS 0x000000070a600000| PB 0x000000070a600000| Complete 
|  68|0x000000070a800000, 0x000000070aa00000, 0x000000070aa00000|100%| E|CS|TAMS 0x000000070a800000| PB 0x000000070a800000| Complete 
|  69|0x000000070aa00000, 0x000000070ac00000, 0x000000070ac00000|100%| E|CS|TAMS 0x000000070aa00000| PB 0x000000070aa00000| Complete 
|  70|0x000000070ac00000, 0x000000070ae00000, 0x000000070ae00000|100%| E|CS|TAMS 0x000000070ac00000| PB 0x000000070ac00000| Complete 
| 126|0x0000000711c00000, 0x0000000711e00000, 0x0000000711e00000|100%| E|CS|TAMS 0x0000000711c00000| PB 0x0000000711c00000| Complete 
|2024|0x00000007ff000000, 0x00000007ff200000, 0x00000007ff200000|100%| O|  |TAMS 0x00000007ff000000| PB 0x00000007ff000000| Untracked 
|2025|0x00000007ff200000, 0x00000007ff400000, 0x00000007ff400000|100%| O|  |TAMS 0x00000007ff200000| PB 0x00000007ff200000| Untracked 
|2026|0x00000007ff400000, 0x00000007ff600000, 0x00000007ff600000|100%| O|  |TAMS 0x00000007ff400000| PB 0x00000007ff400000| Untracked 
|2027|0x00000007ff600000, 0x00000007ff800000, 0x00000007ff800000|100%| O|  |TAMS 0x00000007ff600000| PB 0x00000007ff600000| Untracked 
|2028|0x00000007ff800000, 0x00000007ffa00000, 0x00000007ffa00000|100%| O|  |TAMS 0x00000007ff800000| PB 0x00000007ff800000| Untracked 
|2029|0x00000007ffa00000, 0x00000007ffc00000, 0x00000007ffc00000|100%| O|  |TAMS 0x00000007ffa00000| PB 0x00000007ffa00000| Untracked 
|2030|0x00000007ffc00000, 0x00000007ffe00000, 0x00000007ffe00000|100%| O|  |TAMS 0x00000007ffc00000| PB 0x00000007ffc00000| Untracked 
|2031|0x00000007ffe00000, 0x0000000800000000, 0x0000000800000000|100%| O|  |TAMS 0x00000007ffe00000| PB 0x00000007ffe00000| Untracked 

Card table byte_map: [0x000001e0d90d0000,0x000001e0d98c0000] _byte_map_base: 0x000001e0d58c0000

Marking Bits: (CMBitMap*) 0x000001e0c11a2ef0
 Bits: [0x000001e0d98c0000, 0x000001e0dd840000)

Polling page: 0x000001e0bf120000

Metaspace:

Usage:
  Non-class:     36.56 MB used.
      Class:      4.65 MB used.
       Both:     41.21 MB used.

Virtual space:
  Non-class space:       64.00 MB reserved,      36.88 MB ( 58%) committed,  1 nodes.
      Class space:        1.00 GB reserved,       4.88 MB ( <1%) committed,  1 nodes.
             Both:        1.06 GB reserved,      41.75 MB (  4%) committed. 

Chunk freelists:
   Non-Class:  10.38 MB
       Class:  11.08 MB
        Both:  21.45 MB

MaxMetaspaceSize: unlimited
CompressedClassSpaceSize: 1.00 GB
Initial GC threshold: 21.00 MB
Current GC threshold: 57.62 MB
CDS: on
 - commit_granule_bytes: 65536.
 - commit_granule_words: 8192.
 - virtual_space_node_default_size: 8388608.
 - enlarge_chunks_in_place: 1.
 - use_allocation_guard: 0.


Internal statistics:

num_allocs_failed_limit: 6.
num_arena_births: 580.
num_arena_deaths: 4.
num_vsnodes_births: 2.
num_vsnodes_deaths: 0.
num_space_committed: 684.
num_space_uncommitted: 9.
num_chunks_returned_to_freelist: 96.
num_chunks_taken_from_freelist: 2050.
num_chunk_merges: 21.
num_chunk_splits: 1401.
num_chunks_enlarged: 1064.
num_inconsistent_stats: 0.

CodeHeap 'non-profiled nmethods': size=120000Kb used=4810Kb max_used=5093Kb free=115189Kb
 bounds [0x000001e0d1080000, 0x000001e0d1580000, 0x000001e0d85b0000]
CodeHeap 'profiled nmethods': size=120000Kb used=17079Kb max_used=18076Kb free=102920Kb
 bounds [0x000001e0c95b0000, 0x000001e0ca760000, 0x000001e0d0ae0000]
CodeHeap 'non-nmethods': size=5760Kb used=1600Kb max_used=1633Kb free=4159Kb
 bounds [0x000001e0d0ae0000, 0x000001e0d0d50000, 0x000001e0d1080000]
 total_blobs=8737 nmethods=8087 adapters=554
 compilation: enabled
              stopped_count=0, restarted_count=0
 full_count=0

Compilation events (20 events):
Event: 10.482 Thread 0x000001e0e0296700 9052       3       java.lang.ProcessEnvironment$CheckedEntrySet$1::next (20 bytes)
Event: 10.482 Thread 0x000001e0e0296700 nmethod 9052 0x000001e0c964e210 code [0x000001e0c964e3e0, 0x000001e0c964e850]
Event: 10.482 Thread 0x000001e0e0296700 9053       3       java.lang.ProcessEnvironment$CheckedEntry::<init> (10 bytes)
Event: 10.482 Thread 0x000001e0e0296700 nmethod 9053 0x000001e0c964dc10 code [0x000001e0c964dda0, 0x000001e0c964df60]
Event: 10.482 Thread 0x000001e0e0296700 9054       3       java.lang.ProcessEnvironment$CheckedEntry::getKey (13 bytes)
Event: 10.482 Thread 0x000001e0e0296700 nmethod 9054 0x000001e0ca375f10 code [0x000001e0ca3760c0, 0x000001e0ca376390]
Event: 10.482 Thread 0x000001e0e0296700 9055       3       java.lang.ProcessEnvironment$CheckedEntry::getKey (5 bytes)
Event: 10.482 Thread 0x000001e0e0296700 nmethod 9055 0x000001e0ca375910 code [0x000001e0ca375ac0, 0x000001e0ca375de8]
Event: 10.521 Thread 0x000001e0e0296700 9057       3       java.util.zip.CRC32::update (38 bytes)
Event: 10.522 Thread 0x000001e0e0296700 nmethod 9057 0x000001e0ca375110 code [0x000001e0ca375300, 0x000001e0ca375738]
Event: 10.531 Thread 0x000001e0e0296700 9058       3       java.lang.String::getBytes (44 bytes)
Event: 10.531 Thread 0x000001e0e0296700 nmethod 9058 0x000001e0ca374b10 code [0x000001e0ca374ce0, 0x000001e0ca374ff0]
Event: 10.532 Thread 0x000001e0e0296700 9059       3       java.util.concurrent.locks.AbstractQueuedSynchronizer$ConditionObject::canReacquire (38 bytes)
Event: 10.533 Thread 0x000001e0e0296700 nmethod 9059 0x000001e0ca374490 code [0x000001e0ca374640, 0x000001e0ca3749c8]
Event: 10.859 Thread 0x000001e0e0296700 9060       3       java.util.concurrent.locks.AbstractQueuedSynchronizer$ConditionObject::signal (34 bytes)
Event: 10.859 Thread 0x000001e0e0296700 nmethod 9060 0x000001e0ca373e10 code [0x000001e0ca373fe0, 0x000001e0ca374340]
Event: 11.612 Thread 0x000001e0e0296700 9061       3       java.lang.AbstractStringBuilder::append (45 bytes)
Event: 11.613 Thread 0x000001e0e0296700 nmethod 9061 0x000001e0ca373490 code [0x000001e0ca3736a0, 0x000001e0ca373be0]
Event: 11.614 Thread 0x000001e1284cc5d0 9062       4       java.lang.invoke.VarHandle::checkAccessModeThenIsDirect (29 bytes)
Event: 11.618 Thread 0x000001e1284cc5d0 nmethod 9062 0x000001e0d1240e10 code [0x000001e0d1240fc0, 0x000001e0d1241400]

GC Heap History (14 events):
Event: 0.541 GC heap before
{Heap before GC invocations=0 (full 0):
 garbage-first heap   total 260096K, used 22528K [0x0000000702000000, 0x0000000800000000)
  region size 2048K, 11 young (22528K), 0 survivors (0K)
 Metaspace       used 6012K, committed 6144K, reserved 1114112K
  class space    used 693K, committed 768K, reserved 1048576K
}
Event: 0.547 GC heap after
{Heap after GC invocations=1 (full 0):
 garbage-first heap   total 260096K, used 3938K [0x0000000702000000, 0x0000000800000000)
  region size 2048K, 2 young (4096K), 2 survivors (4096K)
 Metaspace       used 6012K, committed 6144K, reserved 1114112K
  class space    used 693K, committed 768K, reserved 1048576K
}
Event: 1.026 GC heap before
{Heap before GC invocations=1 (full 0):
 garbage-first heap   total 260096K, used 36706K [0x0000000702000000, 0x0000000800000000)
  region size 2048K, 18 young (36864K), 2 survivors (4096K)
 Metaspace       used 9976K, committed 10176K, reserved 1114112K
  class space    used 1176K, committed 1280K, reserved 1048576K
}
Event: 1.030 GC heap after
{Heap after GC invocations=2 (full 0):
 garbage-first heap   total 260096K, used 5309K [0x0000000702000000, 0x0000000800000000)
  region size 2048K, 1 young (2048K), 1 survivors (2048K)
 Metaspace       used 9976K, committed 10176K, reserved 1114112K
  class space    used 1176K, committed 1280K, reserved 1048576K
}
Event: 3.457 GC heap before
{Heap before GC invocations=2 (full 0):
 garbage-first heap   total 260096K, used 160957K [0x0000000702000000, 0x0000000800000000)
  region size 2048K, 75 young (153600K), 1 survivors (2048K)
 Metaspace       used 21150K, committed 21504K, reserved 1114112K
  class space    used 2390K, committed 2560K, reserved 1048576K
}
Event: 3.470 GC heap after
{Heap after GC invocations=3 (full 0):
 garbage-first heap   total 260096K, used 28190K [0x0000000702000000, 0x0000000800000000)
  region size 2048K, 8 young (16384K), 8 survivors (16384K)
 Metaspace       used 21150K, committed 21504K, reserved 1114112K
  class space    used 2390K, committed 2560K, reserved 1048576K
}
Event: 4.988 GC heap before
{Heap before GC invocations=4 (full 0):
 garbage-first heap   total 102400K, used 101918K [0x0000000702000000, 0x0000000800000000)
  region size 2048K, 44 young (90112K), 8 survivors (16384K)
 Metaspace       used 29309K, committed 29760K, reserved 1114112K
  class space    used 3321K, committed 3520K, reserved 1048576K
}
Event: 5.006 GC heap after
{Heap after GC invocations=5 (full 0):
 garbage-first heap   total 135168K, used 40478K [0x0000000702000000, 0x0000000800000000)
  region size 2048K, 8 young (16384K), 8 survivors (16384K)
 Metaspace       used 29309K, committed 29760K, reserved 1114112K
  class space    used 3321K, committed 3520K, reserved 1048576K
}
Event: 6.489 GC heap before
{Heap before GC invocations=5 (full 0):
 garbage-first heap   total 135168K, used 106014K [0x0000000702000000, 0x0000000800000000)
  region size 2048K, 39 young (79872K), 8 survivors (16384K)
 Metaspace       used 32005K, committed 32576K, reserved 1114112K
  class space    used 3638K, committed 3904K, reserved 1048576K
}
Event: 6.508 GC heap after
{Heap after GC invocations=6 (full 0):
 garbage-first heap   total 135168K, used 50713K [0x0000000702000000, 0x0000000800000000)
  region size 2048K, 5 young (10240K), 5 survivors (10240K)
 Metaspace       used 32005K, committed 32576K, reserved 1114112K
  class space    used 3638K, committed 3904K, reserved 1048576K
}
Event: 7.538 GC heap before
{Heap before GC invocations=6 (full 0):
 garbage-first heap   total 135168K, used 106009K [0x0000000702000000, 0x0000000800000000)
  region size 2048K, 32 young (65536K), 5 survivors (10240K)
 Metaspace       used 33041K, committed 33600K, reserved 1114112K
  class space    used 3760K, committed 4032K, reserved 1048576K
}
Event: 7.548 GC heap after
{Heap after GC invocations=7 (full 0):
 garbage-first heap   total 163840K, used 61440K [0x0000000702000000, 0x0000000800000000)
  region size 2048K, 4 young (8192K), 4 survivors (8192K)
 Metaspace       used 33041K, committed 33600K, reserved 1114112K
  class space    used 3760K, committed 4032K, reserved 1048576K
}
Event: 8.233 GC heap before
{Heap before GC invocations=7 (full 0):
 garbage-first heap   total 163840K, used 106496K [0x0000000702000000, 0x0000000800000000)
  region size 2048K, 27 young (55296K), 4 survivors (8192K)
 Metaspace       used 35583K, committed 36096K, reserved 1114112K
  class space    used 3994K, committed 4224K, reserved 1048576K
}
Event: 8.239 GC heap after
{Heap after GC invocations=8 (full 0):
 garbage-first heap   total 163840K, used 61445K [0x0000000702000000, 0x0000000800000000)
  region size 2048K, 2 young (4096K), 2 survivors (4096K)
 Metaspace       used 35583K, committed 36096K, reserved 1114112K
  class space    used 3994K, committed 4224K, reserved 1048576K
}

Dll operation events (13 events):
Event: 0.009 Loaded shared library C:\Program Files\Java\jdk-21\bin\java.dll
Event: 0.041 Loaded shared library C:\Program Files\Java\jdk-21\bin\jsvml.dll
Event: 0.085 Loaded shared library C:\Program Files\Java\jdk-21\bin\zip.dll
Event: 0.088 Loaded shared library C:\Program Files\Java\jdk-21\bin\instrument.dll
Event: 0.096 Loaded shared library C:\Program Files\Java\jdk-21\bin\net.dll
Event: 0.098 Loaded shared library C:\Program Files\Java\jdk-21\bin\nio.dll
Event: 0.100 Loaded shared library C:\Program Files\Java\jdk-21\bin\zip.dll
Event: 0.114 Loaded shared library C:\Program Files\JetBrains\IntelliJ IDEA 2024.2.1\bin\breakgen64.dll
Event: 0.121 Loaded shared library C:\Program Files\Java\jdk-21\bin\extnet.dll
Event: 0.212 Loaded shared library C:\Program Files\Java\jdk-21\bin\jimage.dll
Event: 0.229 Loaded shared library C:\Users\HattrickHL\AppData\Local\Temp\jansi-2.4.1-da601778e6a38e3c-jansi.dll
Event: 0.237 Loaded shared library C:\Program Files\Java\jdk-21\bin\verify.dll
Event: 8.635 Loaded shared library C:\Program Files\Java\jdk-21\bin\sunmscapi.dll

Deoptimization events (20 events):
Event: 10.530 Thread 0x000001e12970e790 Uncommon trap: trap_request=0xffffff45 fr.pc=0x000001e0d10afc98 relative=0x00000000000000f8
Event: 10.530 Thread 0x000001e12970e790 Uncommon trap: reason=unstable_if action=reinterpret pc=0x000001e0d10afc98 method=java.lang.String.getBytes([BIB)V @ 5 c2
Event: 10.530 Thread 0x000001e12970e790 DEOPT PACKING pc=0x000001e0d10afc98 sp=0x0000002c6a9ff1a0
Event: 10.530 Thread 0x000001e12970e790 DEOPT UNPACKING pc=0x000001e0d0b346a2 sp=0x0000002c6a9ff168 mode 2
Event: 10.530 Thread 0x000001e12970e790 Uncommon trap: trap_request=0xffffff45 fr.pc=0x000001e0d112ea90 relative=0x0000000000000550
Event: 10.530 Thread 0x000001e12970e790 Uncommon trap: reason=unstable_if action=reinterpret pc=0x000001e0d112ea90 method=java.lang.String.<init>(Ljava/lang/AbstractStringBuilder;Ljava/lang/Void;)V @ 19 c2
Event: 10.530 Thread 0x000001e12970e790 DEOPT PACKING pc=0x000001e0d112ea90 sp=0x0000002c6a9ff2e0
Event: 10.530 Thread 0x000001e12970e790 DEOPT UNPACKING pc=0x000001e0d0b346a2 sp=0x0000002c6a9ff1d8 mode 2
Event: 10.530 Thread 0x000001e12970e790 Uncommon trap: trap_request=0xffffff45 fr.pc=0x000001e0d12131ec relative=0x00000000000000cc
Event: 10.530 Thread 0x000001e12970e790 Uncommon trap: reason=unstable_if action=reinterpret pc=0x000001e0d12131ec method=java.lang.String.codePointAt(I)I @ 4 c2
Event: 10.530 Thread 0x000001e12970e790 DEOPT PACKING pc=0x000001e0d12131ec sp=0x0000002c6a9ff260
Event: 10.530 Thread 0x000001e12970e790 DEOPT UNPACKING pc=0x000001e0d0b346a2 sp=0x0000002c6a9ff1e8 mode 2
Event: 10.530 Thread 0x000001e12970e790 Uncommon trap: trap_request=0xffffffc6 fr.pc=0x000001e0d1249408 relative=0x00000000000002c8
Event: 10.530 Thread 0x000001e12970e790 Uncommon trap: reason=bimorphic_or_optimized_type_check action=maybe_recompile pc=0x000001e0d1249408 method=java.util.regex.Matcher.getTextLength()I @ 4 c2
Event: 10.530 Thread 0x000001e12970e790 DEOPT PACKING pc=0x000001e0d1249408 sp=0x0000002c6a9ff350
Event: 10.530 Thread 0x000001e12970e790 DEOPT UNPACKING pc=0x000001e0d0b346a2 sp=0x0000002c6a9ff280 mode 2
Event: 11.611 Thread 0x000001e12954ad70 Uncommon trap: trap_request=0xffffff45 fr.pc=0x000001e0d11c4fb0 relative=0x0000000000000090
Event: 11.611 Thread 0x000001e12954ad70 Uncommon trap: reason=unstable_if action=reinterpret pc=0x000001e0d11c4fb0 method=jdk.internal.misc.Unsafe.convEndian(ZJ)J @ 4 c2
Event: 11.611 Thread 0x000001e12954ad70 DEOPT PACKING pc=0x000001e0d11c4fb0 sp=0x0000002c6abfef80
Event: 11.611 Thread 0x000001e12954ad70 DEOPT UNPACKING pc=0x000001e0d0b346a2 sp=0x0000002c6abfeea8 mode 2

Classes loaded (20 events):
Event: 10.481 Loading class java/lang/ProcessImpl
Event: 10.481 Loading class java/lang/Process
Event: 10.482 Loading class java/lang/Process done
Event: 10.482 Loading class java/lang/ProcessImpl done
Event: 10.499 Loading class java/lang/ProcessImpl$2
Event: 10.499 Loading class java/lang/ProcessImpl$2 done
Event: 10.499 Loading class java/lang/Process$PipeInputStream
Event: 10.499 Loading class java/lang/Process$PipeInputStream done
Event: 10.500 Loading class jdk/internal/event/ProcessStartEvent
Event: 10.500 Loading class jdk/internal/event/ProcessStartEvent done
Event: 10.501 Loading class java/nio/channels/ClosedChannelException
Event: 10.501 Loading class java/nio/channels/ClosedChannelException done
Event: 10.502 Loading class java/nio/channels/NonReadableChannelException
Event: 10.502 Loading class java/nio/channels/NonReadableChannelException done
Event: 10.503 Loading class java/nio/channels/NonWritableChannelException
Event: 10.503 Loading class java/nio/channels/NonWritableChannelException done
Event: 10.527 Loading class java/util/Scanner
Event: 10.528 Loading class java/util/Scanner done
Event: 10.529 Loading class java/util/Scanner$PatternLRUCache
Event: 10.529 Loading class java/util/Scanner$PatternLRUCache done

Classes unloaded (20 events):
Event: 8.266 Thread 0x000001e0e02669b0 Unloading class 0x000001e0e233e7e8 'lombok/javac/apt/MessagerDiagnosticsReceiver'
Event: 8.266 Thread 0x000001e0e02669b0 Unloading class 0x000001e0e233e420 'lombok/javac/apt/InterceptingJavaFileManager'
Event: 8.266 Thread 0x000001e0e02669b0 Unloading class 0x000001e0e233e218 'lombok/permit/dummy/Parent'
Event: 8.266 Thread 0x000001e0e02669b0 Unloading class 0x000001e0e233e000 'lombok/core/CleanupRegistry'
Event: 8.266 Thread 0x000001e0e02669b0 Unloading class 0x000001e0e233dde8 'lombok/permit/Permit$Fake'
Event: 8.266 Thread 0x000001e0e02669b0 Unloading class 0x000001e0e233dbe8 'lombok/permit/Permit'
Event: 8.266 Thread 0x000001e0e02669b0 Unloading class 0x000001e0e233d8f8 'lombok/javac/apt/LombokProcessor$1'
Event: 8.266 Thread 0x000001e0e02669b0 Unloading class 0x000001e0e233d700 'lombok/core/DiagnosticsReceiver'
Event: 8.266 Thread 0x000001e0e02669b0 Unloading class 0x000001e0e233d468 'lombok/javac/apt/LombokProcessor'
Event: 8.266 Thread 0x000001e0e02669b0 Unloading class 0x000001e0e233d238 'lombok/core/AnnotationProcessor$EcjDescriptor'
Event: 8.266 Thread 0x000001e0e02669b0 Unloading class 0x000001e0e233d000 'lombok/core/AnnotationProcessor$JavacDescriptor'
Event: 8.266 Thread 0x000001e0e02669b0 Unloading class 0x000001e0e233ca80 'lombok/core/AnnotationProcessor$ProcessorDescriptor'
Event: 8.266 Thread 0x000001e0e02669b0 Unloading class 0x000001e0e233c800 'lombok/core/AnnotationProcessor'
Event: 8.266 Thread 0x000001e0e02669b0 Unloading class 0x000001e0e2389000 'lombok/launch/AnnotationProcessorHider$ClaimingProcessor'
Event: 8.266 Thread 0x000001e0e02669b0 Unloading class 0x000001e0e233c498 'lombok/launch/AnnotationProcessorHider$AstModificationNotifierData'
Event: 8.266 Thread 0x000001e0e02669b0 Unloading class 0x000001e0e233c218 'lombok/launch/ClassFileMetaData'
Event: 8.266 Thread 0x000001e0e02669b0 Unloading class 0x000001e0e233c000 'lombok/launch/PackageShader'
Event: 8.266 Thread 0x000001e0e02669b0 Unloading class 0x000001e0e2314480 'lombok/launch/ShadowClassLoader'
Event: 8.266 Thread 0x000001e0e02669b0 Unloading class 0x000001e0e2314280 'lombok/launch/Main'
Event: 8.266 Thread 0x000001e0e02669b0 Unloading class 0x000001e0e2314000 'lombok/launch/AnnotationProcessorHider$AnnotationProcessor'

Classes redefined (0 events):
No events

Internal exceptions (20 events):
Event: 10.037 Thread 0x000001e0c1138a20 Exception <a 'sun/nio/fs/WindowsException'{0x00000007098282f8}> (0x00000007098282f8) 
thrown [s\open\src\hotspot\share\prims\jni.cpp, line 520]
Event: 10.038 Thread 0x000001e0c1138a20 Exception <a 'sun/nio/fs/WindowsException'{0x0000000709832528}> (0x0000000709832528) 
thrown [s\open\src\hotspot\share\prims\jni.cpp, line 520]
Event: 10.041 Thread 0x000001e0c1138a20 Exception <a 'sun/nio/fs/WindowsException'{0x0000000709839470}> (0x0000000709839470) 
thrown [s\open\src\hotspot\share\prims\jni.cpp, line 520]
Event: 10.043 Thread 0x000001e0c1138a20 Exception <a 'sun/nio/fs/WindowsException'{0x0000000709843620}> (0x0000000709843620) 
thrown [s\open\src\hotspot\share\prims\jni.cpp, line 520]
Event: 10.044 Thread 0x000001e0c1138a20 Exception <a 'sun/nio/fs/WindowsException'{0x000000070984a560}> (0x000000070984a560) 
thrown [s\open\src\hotspot\share\prims\jni.cpp, line 520]
Event: 10.045 Thread 0x000001e0c1138a20 Exception <a 'sun/nio/fs/WindowsException'{0x0000000709854740}> (0x0000000709854740) 
thrown [s\open\src\hotspot\share\prims\jni.cpp, line 520]
Event: 10.049 Thread 0x000001e0c1138a20 Exception <a 'sun/nio/fs/WindowsException'{0x0000000709873a20}> (0x0000000709873a20) 
thrown [s\open\src\hotspot\share\prims\jni.cpp, line 520]
Event: 10.049 Thread 0x000001e0c1138a20 Exception <a 'sun/nio/fs/WindowsException'{0x0000000709873e68}> (0x0000000709873e68) 
thrown [s\open\src\hotspot\share\prims\jni.cpp, line 520]
Event: 10.141 Thread 0x000001e0c1138a20 Exception <a 'sun/nio/fs/WindowsException'{0x0000000709886258}> (0x0000000709886258) 
thrown [s\open\src\hotspot\share\prims\jni.cpp, line 520]
Event: 10.151 Thread 0x000001e0c1138a20 Exception <a 'sun/nio/fs/WindowsException'{0x000000070989c240}> (0x000000070989c240) 
thrown [s\open\src\hotspot\share\prims\jni.cpp, line 520]
Event: 10.156 Thread 0x000001e0c1138a20 Exception <a 'sun/nio/fs/WindowsException'{0x00000007098af438}> (0x00000007098af438) 
thrown [s\open\src\hotspot\share\prims\jni.cpp, line 520]
Event: 10.158 Thread 0x000001e0c1138a20 Exception <a 'sun/nio/fs/WindowsException'{0x00000007098b6c40}> (0x00000007098b6c40) 
thrown [s\open\src\hotspot\share\prims\jni.cpp, line 520]
Event: 10.178 Thread 0x000001e0c1138a20 Exception <a 'sun/nio/fs/WindowsException'{0x000000070977bf98}> (0x000000070977bf98) 
thrown [s\open\src\hotspot\share\prims\jni.cpp, line 520]
Event: 10.178 Thread 0x000001e0c1138a20 Exception <a 'sun/nio/fs/WindowsException'{0x000000070977c3e0}> (0x000000070977c3e0) 
thrown [s\open\src\hotspot\share\prims\jni.cpp, line 520]
Event: 10.179 Thread 0x000001e0c1138a20 Exception <a 'sun/nio/fs/WindowsException'{0x0000000709786a40}> (0x0000000709786a40) 
thrown [s\open\src\hotspot\share\prims\jni.cpp, line 520]
Event: 10.253 Thread 0x000001e0c1138a20 Exception <a 'sun/nio/fs/WindowsException'{0x000000070978ec00}> (0x000000070978ec00) 
thrown [s\open\src\hotspot\share\prims\jni.cpp, line 520]
Event: 10.285 Thread 0x000001e0c1138a20 Exception <a 'sun/nio/fs/WindowsException'{0x00000007097af908}> (0x00000007097af908) 
thrown [s\open\src\hotspot\share\prims\jni.cpp, line 520]
Event: 10.289 Thread 0x000001e0c1138a20 Exception <a 'sun/nio/fs/WindowsException'{0x00000007097c2840}> (0x00000007097c2840) 
thrown [s\open\src\hotspot\share\prims\jni.cpp, line 520]
Event: 10.291 Thread 0x000001e0c1138a20 Exception <a 'sun/nio/fs/WindowsException'{0x00000007097cca78}> (0x00000007097cca78) 
thrown [s\open\src\hotspot\share\prims\jni.cpp, line 520]
Event: 10.498 Thread 0x000001e0c1138a20 Exception <a 'java/lang/NoSuchMethodError'{0x0000000709189440}: 'void java.lang.invoke.DirectMethodHandle$Holder.invokeStatic(java.lang.Object, long)'> (0x0000000709189440) 
thrown [s\open\src\hotspot\share\interpreter\linkResolver.cpp, line 773]

ZGC Phase Switch (0 events):
No events

VM Operations (20 events):
Event: 8.461 Executing VM operation: HandshakeAllThreads (Deoptimize)
Event: 8.461 Executing VM operation: HandshakeAllThreads (Deoptimize) done
Event: 8.461 Executing VM operation: HandshakeAllThreads (Deoptimize)
Event: 8.461 Executing VM operation: HandshakeAllThreads (Deoptimize) done
Event: 8.655 Executing VM operation: HandshakeAllThreads (Deoptimize)
Event: 8.655 Executing VM operation: HandshakeAllThreads (Deoptimize) done
Event: 8.854 Executing VM operation: HandshakeAllThreads (Deoptimize)
Event: 8.854 Executing VM operation: HandshakeAllThreads (Deoptimize) done
Event: 9.020 Executing VM operation: HandshakeAllThreads (Deoptimize)
Event: 9.020 Executing VM operation: HandshakeAllThreads (Deoptimize) done
Event: 9.020 Executing VM operation: HandshakeAllThreads (Deoptimize)
Event: 9.020 Executing VM operation: HandshakeAllThreads (Deoptimize) done
Event: 9.533 Executing VM operation: ICBufferFull
Event: 9.534 Executing VM operation: ICBufferFull done
Event: 10.362 Executing VM operation: HandshakeAllThreads (Deoptimize)
Event: 10.362 Executing VM operation: HandshakeAllThreads (Deoptimize) done
Event: 10.500 Executing VM operation: HandshakeAllThreads (Deoptimize)
Event: 10.500 Executing VM operation: HandshakeAllThreads (Deoptimize) done
Event: 11.508 Executing VM operation: Cleanup
Event: 11.508 Executing VM operation: Cleanup done

Events (20 events):
Event: 9.653 Thread 0x000001e1265cfea0 Thread added: 0x000001e1265cfea0
Event: 9.653 Thread 0x000001e0e09c59b0 Thread added: 0x000001e0e09c59b0
Event: 9.653 Thread 0x000001e12626f360 Thread added: 0x000001e12626f360
Event: 9.653 Thread 0x000001e126957d40 Thread added: 0x000001e126957d40
Event: 9.726 Thread 0x000001e1284cbf00 Thread added: 0x000001e1284cbf00
Event: 9.730 Thread 0x000001e1284ceeb0 Thread added: 0x000001e1284ceeb0
Event: 9.866 Thread 0x000001e1284ceeb0 Thread exited: 0x000001e1284ceeb0
Event: 10.032 Thread 0x000001e0e09c59b0 Thread exited: 0x000001e0e09c59b0
Event: 10.032 Thread 0x000001e126957d40 Thread exited: 0x000001e126957d40
Event: 10.032 Thread 0x000001e12626f360 Thread exited: 0x000001e12626f360
Event: 10.032 Thread 0x000001e1265cfea0 Thread exited: 0x000001e1265cfea0
Event: 10.140 Thread 0x000001e1284cbf00 Thread exited: 0x000001e1284cbf00
Event: 10.307 Thread 0x000001e12970e100 Thread added: 0x000001e12970e100
Event: 10.313 Thread 0x000001e12970da70 Thread added: 0x000001e12970da70
Event: 10.380 Thread 0x000001e1284cc5d0 Thread added: 0x000001e1284cc5d0
Event: 10.404 Thread 0x000001e1284ce110 Thread added: 0x000001e1284ce110
Event: 10.475 Thread 0x000001e12970c6c0 Thread added: 0x000001e12970c6c0
Event: 10.524 Thread 0x000001e12970e790 Thread added: 0x000001e12970e790
Event: 10.525 Thread 0x000001e12970d3e0 Thread added: 0x000001e12970d3e0
Event: 10.532 Thread 0x000001e12954ad70 Thread added: 0x000001e12954ad70


Dynamic libraries:
0x00007ff6a7bc0000 - 0x00007ff6a7bd0000 	C:\Program Files\Java\jdk-21\bin\java.exe
0x00007ffeb5890000 - 0x00007ffeb5aa7000 	C:\WINDOWS\SYSTEM32\ntdll.dll
0x00007ffeb49d0000 - 0x00007ffeb4a94000 	C:\WINDOWS\System32\KERNEL32.DLL
0x00007ffeb2fb0000 - 0x00007ffeb335d000 	C:\WINDOWS\System32\KERNELBASE.dll
0x00007ffeb2e60000 - 0x00007ffeb2f71000 	C:\WINDOWS\System32\ucrtbase.dll
0x00007ffe7c2c0000 - 0x00007ffe7c2d9000 	C:\Program Files\Java\jdk-21\bin\jli.dll
0x00007ffe7e420000 - 0x00007ffe7e43b000 	C:\Program Files\Java\jdk-21\bin\VCRUNTIME140.dll
0x00007ffeb4b20000 - 0x00007ffeb4bd2000 	C:\WINDOWS\System32\ADVAPI32.dll
0x00007ffeb35c0000 - 0x00007ffeb3667000 	C:\WINDOWS\System32\msvcrt.dll
0x00007ffeb4ef0000 - 0x00007ffeb4f99000 	C:\WINDOWS\System32\sechost.dll
0x00007ffeb2c50000 - 0x00007ffeb2c78000 	C:\WINDOWS\System32\bcrypt.dll
0x00007ffeb4850000 - 0x00007ffeb4964000 	C:\WINDOWS\System32\RPCRT4.dll
0x00007ffeb50a0000 - 0x00007ffeb524e000 	C:\WINDOWS\System32\USER32.dll
0x00007ffeb2f80000 - 0x00007ffeb2fa6000 	C:\WINDOWS\System32\win32u.dll
0x00007ffeb4be0000 - 0x00007ffeb4c09000 	C:\WINDOWS\System32\GDI32.dll
0x00007ffeb2c80000 - 0x00007ffeb2d99000 	C:\WINDOWS\System32\gdi32full.dll
0x00007ffeb2bb0000 - 0x00007ffeb2c4a000 	C:\WINDOWS\System32\msvcp_win.dll
0x00007ffe92ab0000 - 0x00007ffe92d43000 	C:\WINDOWS\WinSxS\amd64_microsoft.windows.common-controls_6595b64144ccf1df_6.0.22621.3672_none_2713b9d173822955\COMCTL32.dll
0x00007ffeadb70000 - 0x00007ffeadb7a000 	C:\WINDOWS\SYSTEM32\VERSION.dll
0x00007ffeb5000000 - 0x00007ffeb5031000 	C:\WINDOWS\System32\IMM32.DLL
0x00007ffe9fa20000 - 0x00007ffe9fa2c000 	C:\Program Files\Java\jdk-21\bin\vcruntime140_1.dll
0x00007ffe49050000 - 0x00007ffe490de000 	C:\Program Files\Java\jdk-21\bin\msvcp140.dll
0x00007ffe0bda0000 - 0x00007ffe0cab3000 	C:\Program Files\Java\jdk-21\bin\server\jvm.dll
0x00007ffeb4e70000 - 0x00007ffeb4ee1000 	C:\WINDOWS\System32\WS2_32.dll
0x00007ffeb1a60000 - 0x00007ffeb1aad000 	C:\WINDOWS\SYSTEM32\POWRPROF.dll
0x00007ffeac830000 - 0x00007ffeac864000 	C:\WINDOWS\SYSTEM32\WINMM.dll
0x00007ffeb1a40000 - 0x00007ffeb1a53000 	C:\WINDOWS\SYSTEM32\UMPDC.dll
0x00007ffeb1cf0000 - 0x00007ffeb1d08000 	C:\WINDOWS\SYSTEM32\kernel.appcore.dll
0x00007ffe9f850000 - 0x00007ffe9f85a000 	C:\Program Files\Java\jdk-21\bin\jimage.dll
0x00007ffeb04e0000 - 0x00007ffeb0712000 	C:\WINDOWS\SYSTEM32\DBGHELP.DLL
0x00007ffeb4260000 - 0x00007ffeb45ee000 	C:\WINDOWS\System32\combase.dll
0x00007ffeb4d70000 - 0x00007ffeb4e47000 	C:\WINDOWS\System32\OLEAUT32.dll
0x00007ffeab4e0000 - 0x00007ffeab512000 	C:\WINDOWS\SYSTEM32\dbgcore.DLL
0x00007ffeb3540000 - 0x00007ffeb35bb000 	C:\WINDOWS\System32\bcryptPrimitives.dll
0x00007ffea3260000 - 0x00007ffea326f000 	C:\Program Files\Java\jdk-21\bin\instrument.dll
0x00007ffe7b650000 - 0x00007ffe7b66f000 	C:\Program Files\Java\jdk-21\bin\java.dll
0x00007ffeb39f0000 - 0x00007ffeb4257000 	C:\WINDOWS\System32\SHELL32.dll
0x00007ffeb0b10000 - 0x00007ffeb140f000 	C:\WINDOWS\SYSTEM32\windows.storage.dll
0x00007ffeb09d0000 - 0x00007ffeb0b0f000 	C:\WINDOWS\SYSTEM32\wintypes.dll
0x00007ffeb56d0000 - 0x00007ffeb57c9000 	C:\WINDOWS\System32\SHCORE.dll
0x00007ffeb5040000 - 0x00007ffeb509e000 	C:\WINDOWS\System32\shlwapi.dll
0x00007ffeb2ae0000 - 0x00007ffeb2b07000 	C:\WINDOWS\SYSTEM32\profapi.dll
0x00007ffe48970000 - 0x00007ffe48a47000 	C:\Program Files\Java\jdk-21\bin\jsvml.dll
0x00007ffe7a4d0000 - 0x00007ffe7a4e8000 	C:\Program Files\Java\jdk-21\bin\zip.dll
0x00007ffe9c690000 - 0x00007ffe9c6a0000 	C:\Program Files\Java\jdk-21\bin\net.dll
0x00007ffead6a0000 - 0x00007ffead7d6000 	C:\WINDOWS\SYSTEM32\WINHTTP.dll
0x00007ffeb2160000 - 0x00007ffeb21c9000 	C:\WINDOWS\system32\mswsock.dll
0x00007ffe7a4f0000 - 0x00007ffe7a506000 	C:\Program Files\Java\jdk-21\bin\nio.dll
0x00007ffe8cc80000 - 0x00007ffe8cc9a000 	C:\Program Files\JetBrains\IntelliJ IDEA 2024.2.1\bin\breakgen64.dll
0x00007ffe95720000 - 0x00007ffe95729000 	C:\Program Files\Java\jdk-21\bin\extnet.dll
0x00007ffe7b680000 - 0x00007ffe7b6a4000 	C:\Users\HattrickHL\AppData\Local\Temp\jansi-2.4.1-da601778e6a38e3c-jansi.dll
0x00007ffe8f470000 - 0x00007ffe8f480000 	C:\Program Files\Java\jdk-21\bin\verify.dll
0x00007ffeb23b0000 - 0x00007ffeb23cb000 	C:\WINDOWS\SYSTEM32\CRYPTSP.dll
0x00007ffeb1c50000 - 0x00007ffeb1c85000 	C:\WINDOWS\system32\rsaenh.dll
0x00007ffeb2250000 - 0x00007ffeb2278000 	C:\WINDOWS\SYSTEM32\USERENV.dll
0x00007ffeb23d0000 - 0x00007ffeb23dc000 	C:\WINDOWS\SYSTEM32\CRYPTBASE.dll
0x00007ffeb16e0000 - 0x00007ffeb170d000 	C:\WINDOWS\SYSTEM32\IPHLPAPI.DLL
0x00007ffeb3720000 - 0x00007ffeb3729000 	C:\WINDOWS\System32\NSI.dll
0x00007ffeb1750000 - 0x00007ffeb1848000 	C:\WINDOWS\SYSTEM32\DNSAPI.dll
0x00000000559a0000 - 0x00000000559c6000 	C:\Program Files\Bonjour\mdnsNSP.dll
0x00007ffeaad60000 - 0x00007ffeaad6a000 	C:\Windows\System32\rasadhlp.dll
0x00007ffeac7a0000 - 0x00007ffeac823000 	C:\WINDOWS\System32\fwpuclnt.dll
0x00007ffe8e3b0000 - 0x00007ffe8e3be000 	C:\Program Files\Java\jdk-21\bin\sunmscapi.dll
0x00007ffeb33d0000 - 0x00007ffeb3536000 	C:\WINDOWS\System32\CRYPT32.dll
0x00007ffeb2570000 - 0x00007ffeb259e000 	C:\WINDOWS\SYSTEM32\ncrypt.dll
0x00007ffeb2530000 - 0x00007ffeb2567000 	C:\WINDOWS\SYSTEM32\NTASN1.dll

dbghelp: loaded successfully - version: 4.0.5 - missing functions: none
symbol engine: initialized successfully - sym options: 0x614 - pdb path: .;C:\Program Files\Java\jdk-21\bin;C:\WINDOWS\SYSTEM32;C:\WINDOWS\WinSxS\amd64_microsoft.windows.common-controls_6595b64144ccf1df_6.0.22621.3672_none_2713b9d173822955;C:\Program Files\Java\jdk-21\bin\server;C:\Program Files\JetBrains\IntelliJ IDEA 2024.2.1\bin;C:\Users\HattrickHL\AppData\Local\Temp;C:\Program Files\Bonjour

VM Arguments:
jvm_args: -Dmaven.multiModuleProjectDirectory=C:\Users\HattrickHL\OneDrive\Desktop\Desafio api de pagamento\pagamento.api -Djansi.passthrough=true -Dmaven.home=C:\Users\HattrickHL\.m2\wrapper\dists\apache-maven-3.9.9-bin\4nf9hui3q3djbarqar9g711ggc\apache-maven-3.9.9 -Dclassworlds.conf=C:\Users\HattrickHL\.m2\wrapper\dists\apache-maven-3.9.9-bin\4nf9hui3q3djbarqar9g711ggc\apache-maven-3.9.9\bin\m2.conf -Dmaven.ext.class.path=C:\Program Files\JetBrains\IntelliJ IDEA 2024.2.1\plugins\maven\lib\maven-event-listener.jar -javaagent:C:\Program Files\JetBrains\IntelliJ IDEA 2024.2.1\lib\idea_rt.jar=56815:C:\Program Files\JetBrains\IntelliJ IDEA 2024.2.1\bin -Dfile.encoding=UTF-8 -Dsun.stdout.encoding=UTF-8 -Dsun.stderr.encoding=UTF-8 
java_command: org.codehaus.classworlds.Launcher -Didea.version=2024.2.1 install
java_class_path (initial): C:\Users\HattrickHL\.m2\wrapper\dists\apache-maven-3.9.9-bin\4nf9hui3q3djbarqar9g711ggc\apache-maven-3.9.9\boot\plexus-classworlds-2.8.0.jar;C:\Users\HattrickHL\.m2\wrapper\dists\apache-maven-3.9.9-bin\4nf9hui3q3djbarqar9g711ggc\apache-maven-3.9.9\boot\plexus-classworlds.license
Launcher Type: SUN_STANDARD

[Global flags]
     intx CICompilerCount                          = 4                                         {product} {ergonomic}
     uint ConcGCThreads                            = 2                                         {product} {ergonomic}
     uint G1ConcRefinementThreads                  = 8                                         {product} {ergonomic}
   size_t G1HeapRegionSize                         = 2097152                                   {product} {ergonomic}
    uintx GCDrainStackTargetSize                   = 64                                        {product} {ergonomic}
   size_t InitialHeapSize                          = 266338304                                 {product} {ergonomic}
   size_t MarkStackSize                            = 4194304                                   {product} {ergonomic}
   size_t MaxHeapSize                              = 4261412864                                {product} {ergonomic}
   size_t MaxNewSize                               = 2556428288                                {product} {ergonomic}
   size_t MinHeapDeltaBytes                        = 2097152                                   {product} {ergonomic}
   size_t MinHeapSize                              = 8388608                                   {product} {ergonomic}
    uintx NonNMethodCodeHeapSize                   = 5839372                                {pd product} {ergonomic}
    uintx NonProfiledCodeHeapSize                  = 122909434                              {pd product} {ergonomic}
    uintx ProfiledCodeHeapSize                     = 122909434                              {pd product} {ergonomic}
    uintx ReservedCodeCacheSize                    = 251658240                              {pd product} {ergonomic}
     bool SegmentedCodeCache                       = true                                      {product} {ergonomic}
   size_t SoftMaxHeapSize                          = 4261412864                             {manageable} {ergonomic}
     bool UseCompressedOops                        = true                           {product lp64_product} {ergonomic}
     bool UseG1GC                                  = true                                      {product} {ergonomic}
     bool UseLargePagesIndividualAllocation        = false                                  {pd product} {ergonomic}

Logging:
Log output configuration:
 #0: stdout all=warning uptime,level,tags foldmultilines=false
 #1: stderr all=off uptime,level,tags foldmultilines=false

Environment Variables:
JAVA_HOME=C:\Program Files\Java\jdk-21
PATH=C:\OracleDatabase21cEX\dbhomeXE\bin;C:\app\HattrickHL\product\21c\dbhomeXE\bin;C:\OracleDataabase21cEX\dbhomeXE\bin;C:\OracleDatabase21cXE\dbhomeXE\bin;C:\Program Files\Common Files\Oracle\Java\javapath;C:\Program Files (x86)\Common Files\Oracle\Java\java8path;C:\Program Files (x86)\Common Files\Oracle\Java\javapath;C:\Windows\system32;C:\Windows;C:\Windows\System32\Wbem;C:\Windows\System32\WindowsPowerShell\v1.0\;C:\Windows\System32\OpenSSH\;C:\Program Files (x86)\NVIDIA Corporation\PhysX\Common;C:\WINDOWS\system32;C:\WINDOWS;C:\WINDOWS\System32\Wbem;C:\WINDOWS\System32\WindowsPowerShell\v1.0\;C:\WINDOWS\System32\OpenSSH\;C:\Program Files (x86)\Windows Kits\10\Windows Performance Toolkit\;C:\Program Files\dotnet\;C:\Git\cmd;C:\Program Files\NVIDIA Corporation\NVIDIA app\NvDLISR;C:\Program Files\Java\jdk-21\bin;C:\Program Files\nodejs\;C:\Program Files\PowerShell\7\;C:\Users\HattrickHL\AppData\Local\Microsoft\WindowsApps;C:\src\flutter\bin;C:\Program Files\JetBrains\IntelliJ IDEA 2024.2.1\bin;;C:\Program Files\JetBrains\IntelliJ IDEA Community Edition 2023.1\bin;;C:\Users\HattrickHL\AppData\Local\Programs\Microsoft VS Code\bin;C:\Users\HattrickHL\AppData\Local\Programs\mongosh\;C:\Users\HattrickHL\AppData\Local\GitHubDesktop\bin;C:\Users\HattrickHL\AppData\Roaming\npm
USERNAME=HattrickHL
OS=Windows_NT
PROCESSOR_IDENTIFIER=Intel64 Family 6 Model 165 Stepping 2, GenuineIntel
TMP=C:\Users\HATTRI~1\AppData\Local\Temp
TEMP=C:\Users\HATTRI~1\AppData\Local\Temp




Periodic native trim disabled

---------------  S Y S T E M  ---------------

OS:
 Windows 11 , 64 bit Build 22621 (10.0.22621.3958)
OS uptime: 1 days 11:59 hours

CPU: total 8 (initial active 8) (4 cores per cpu, 2 threads per core) family 6 model 165 stepping 2 microcode 0xea, cx8, cmov, fxsr, ht, mmx, 3dnowpref, sse, sse2, sse3, ssse3, sse4.1, sse4.2, popcnt, lzcnt, tsc, tscinvbit, avx, avx2, aes, erms, clmul, bmi1, bmi2, adx, fma, vzeroupper, clflush, clflushopt, rdtscp, f16c, pku
Processor Information for all 8 processors :
  Max Mhz: 2496, Current Mhz: 2496, Mhz Limit: 2496

Memory: 4k page, system-wide physical 16251M (3373M free)
TotalPageFile size 18299M (AvailPageFile size 2M)
current process WorkingSet (physical memory assigned to process): 504M, peak: 504M
current process commit charge ("private bytes"): 543M, peak: 543M

vm_info: Java HotSpot(TM) 64-Bit Server VM (21.0.4+8-LTS-274) for windows-amd64 JRE (21.0.4+8-LTS-274), built on 2024-06-05T05:23:33Z by "mach5one" with MS VC++ 17.6 (VS2022)

END.
